{"/Users/reed/code/PersonalProjects/svelte-server/koaUtils.js": {"path":"/Users/reed/code/PersonalProjects/svelte-server/koaUtils.js","statementMap":{"0":{"start":{"line":12,"column":20},"end":{"line":19,"column":1}},"1":{"start":{"line":13,"column":2},"end":{"line":13,"column":35}},"2":{"start":{"line":13,"column":33},"end":{"line":13,"column":34}},"3":{"start":{"line":14,"column":2},"end":{"line":14,"column":35}},"4":{"start":{"line":14,"column":33},"end":{"line":14,"column":34}},"5":{"start":{"line":15,"column":2},"end":{"line":18,"column":3}},"6":{"start":{"line":17,"column":27},"end":{"line":17,"column":65}},"7":{"start":{"line":20,"column":18},"end":{"line":24,"column":1}},"8":{"start":{"line":21,"column":2},"end":{"line":21,"column":35}},"9":{"start":{"line":21,"column":33},"end":{"line":21,"column":34}},"10":{"start":{"line":22,"column":2},"end":{"line":22,"column":35}},"11":{"start":{"line":22,"column":33},"end":{"line":22,"column":34}},"12":{"start":{"line":23,"column":2},"end":{"line":23,"column":106}},"13":{"start":{"line":23,"column":38},"end":{"line":23,"column":101}},"14":{"start":{"line":26,"column":30},"end":{"line":39,"column":1}},"15":{"start":{"line":27,"column":2},"end":{"line":38,"column":4}},"16":{"start":{"line":29,"column":4},"end":{"line":29,"column":85}},"17":{"start":{"line":29,"column":53},"end":{"line":29,"column":84}},"18":{"start":{"line":31,"column":4},"end":{"line":35,"column":5}},"19":{"start":{"line":33,"column":21},"end":{"line":33,"column":54}},"20":{"start":{"line":34,"column":6},"end":{"line":34,"column":75}},"21":{"start":{"line":37,"column":4},"end":{"line":37,"column":17}},"22":{"start":{"line":41,"column":30},"end":{"line":107,"column":1}},"23":{"start":{"line":42,"column":2},"end":{"line":44,"column":3}},"24":{"start":{"line":43,"column":4},"end":{"line":43,"column":10}},"25":{"start":{"line":46,"column":2},"end":{"line":55,"column":4}},"26":{"start":{"line":47,"column":4},"end":{"line":49,"column":5}},"27":{"start":{"line":48,"column":6},"end":{"line":48,"column":19}},"28":{"start":{"line":51,"column":4},"end":{"line":51,"column":19}},"29":{"start":{"line":52,"column":4},"end":{"line":54,"column":5}},"30":{"start":{"line":57,"column":14},"end":{"line":57,"column":46}},"31":{"start":{"line":58,"column":18},"end":{"line":58,"column":27}},"32":{"start":{"line":60,"column":12},"end":{"line":60,"column":16}},"33":{"start":{"line":62,"column":15},"end":{"line":65,"column":3}},"34":{"start":{"line":63,"column":24},"end":{"line":63,"column":56}},"35":{"start":{"line":64,"column":4},"end":{"line":64,"column":45}},"36":{"start":{"line":64,"column":25},"end":{"line":64,"column":44}},"37":{"start":{"line":67,"column":2},"end":{"line":82,"column":4}},"38":{"start":{"line":68,"column":4},"end":{"line":68,"column":23}},"39":{"start":{"line":69,"column":4},"end":{"line":69,"column":54}},"40":{"start":{"line":70,"column":4},"end":{"line":72,"column":6}},"41":{"start":{"line":71,"column":6},"end":{"line":71,"column":28}},"42":{"start":{"line":74,"column":4},"end":{"line":81,"column":6}},"43":{"start":{"line":75,"column":34},"end":{"line":75,"column":50}},"44":{"start":{"line":76,"column":6},"end":{"line":80,"column":7}},"45":{"start":{"line":78,"column":10},"end":{"line":78,"column":20}},"46":{"start":{"line":79,"column":10},"end":{"line":79,"column":15}},"47":{"start":{"line":84,"column":2},"end":{"line":102,"column":4}},"48":{"start":{"line":85,"column":4},"end":{"line":87,"column":5}},"49":{"start":{"line":86,"column":6},"end":{"line":86,"column":37}},"50":{"start":{"line":89,"column":18},"end":{"line":89,"column":75}},"51":{"start":{"line":89,"column":47},"end":{"line":89,"column":74}},"52":{"start":{"line":92,"column":17},"end":{"line":92,"column":78}},"53":{"start":{"line":95,"column":4},"end":{"line":101,"column":5}},"54":{"start":{"line":96,"column":6},"end":{"line":100,"column":8}},"55":{"start":{"line":104,"column":2},"end":{"line":106,"column":4}},"56":{"start":{"line":105,"column":4},"end":{"line":105,"column":28}},"57":{"start":{"line":111,"column":32},"end":{"line":127,"column":4}},"58":{"start":{"line":112,"column":2},"end":{"line":127,"column":4}},"59":{"start":{"line":113,"column":4},"end":{"line":115,"column":5}},"60":{"start":{"line":114,"column":6},"end":{"line":114,"column":19}},"61":{"start":{"line":116,"column":23},"end":{"line":118,"column":5}},"62":{"start":{"line":120,"column":17},"end":{"line":120,"column":45}},"63":{"start":{"line":121,"column":17},"end":{"line":121,"column":26}},"64":{"start":{"line":123,"column":4},"end":{"line":123,"column":16}},"65":{"start":{"line":125,"column":4},"end":{"line":125,"column":19}},"66":{"start":{"line":126,"column":4},"end":{"line":126,"column":19}},"67":{"start":{"line":131,"column":28},"end":{"line":187,"column":4}},"68":{"start":{"line":132,"column":2},"end":{"line":187,"column":4}},"69":{"start":{"line":135,"column":4},"end":{"line":137,"column":5}},"70":{"start":{"line":136,"column":6},"end":{"line":136,"column":19}},"71":{"start":{"line":139,"column":4},"end":{"line":144,"column":5}},"72":{"start":{"line":143,"column":6},"end":{"line":143,"column":19}},"73":{"start":{"line":146,"column":21},"end":{"line":148,"column":5}},"74":{"start":{"line":152,"column":17},"end":{"line":154,"column":50}},"75":{"start":{"line":157,"column":16},"end":{"line":157,"column":41}},"76":{"start":{"line":160,"column":20},"end":{"line":160,"column":51}},"77":{"start":{"line":161,"column":21},"end":{"line":161,"column":53}},"78":{"start":{"line":163,"column":19},"end":{"line":167,"column":14}},"79":{"start":{"line":170,"column":17},"end":{"line":181,"column":5}},"80":{"start":{"line":183,"column":4},"end":{"line":183,"column":14}},"81":{"start":{"line":185,"column":4},"end":{"line":185,"column":21}},"82":{"start":{"line":186,"column":4},"end":{"line":186,"column":19}},"83":{"start":{"line":190,"column":33},"end":{"line":191,"column":50}},"84":{"start":{"line":191,"column":2},"end":{"line":191,"column":50}},"85":{"start":{"line":194,"column":21},"end":{"line":214,"column":1}},"86":{"start":{"line":195,"column":15},"end":{"line":201,"column":3}},"87":{"start":{"line":196,"column":4},"end":{"line":200,"column":5}},"88":{"start":{"line":202,"column":15},"end":{"line":202,"column":27}},"89":{"start":{"line":203,"column":2},"end":{"line":213,"column":3}},"90":{"start":{"line":204,"column":4},"end":{"line":204,"column":29}},"91":{"start":{"line":206,"column":4},"end":{"line":212,"column":64}},"92":{"start":{"line":210,"column":8},"end":{"line":210,"column":33}},"93":{"start":{"line":212,"column":20},"end":{"line":212,"column":63}}},"fnMap":{"0":{"name":"(anonymous_0)","decl":{"start":{"line":12,"column":20},"end":{"line":12,"column":21}},"loc":{"start":{"line":12,"column":32},"end":{"line":19,"column":1}},"line":12},"1":{"name":"(anonymous_1)","decl":{"start":{"line":13,"column":28},"end":{"line":13,"column":29}},"loc":{"start":{"line":13,"column":33},"end":{"line":13,"column":34}},"line":13},"2":{"name":"(anonymous_2)","decl":{"start":{"line":14,"column":28},"end":{"line":14,"column":29}},"loc":{"start":{"line":14,"column":33},"end":{"line":14,"column":34}},"line":14},"3":{"name":"(anonymous_3)","decl":{"start":{"line":17,"column":13},"end":{"line":17,"column":14}},"loc":{"start":{"line":17,"column":27},"end":{"line":17,"column":65}},"line":17},"4":{"name":"(anonymous_4)","decl":{"start":{"line":20,"column":18},"end":{"line":20,"column":19}},"loc":{"start":{"line":20,"column":30},"end":{"line":24,"column":1}},"line":20},"5":{"name":"(anonymous_5)","decl":{"start":{"line":21,"column":28},"end":{"line":21,"column":29}},"loc":{"start":{"line":21,"column":33},"end":{"line":21,"column":34}},"line":21},"6":{"name":"(anonymous_6)","decl":{"start":{"line":22,"column":28},"end":{"line":22,"column":29}},"loc":{"start":{"line":22,"column":33},"end":{"line":22,"column":34}},"line":22},"7":{"name":"(anonymous_7)","decl":{"start":{"line":23,"column":19},"end":{"line":23,"column":20}},"loc":{"start":{"line":23,"column":38},"end":{"line":23,"column":101}},"line":23},"8":{"name":"(anonymous_8)","decl":{"start":{"line":26,"column":30},"end":{"line":26,"column":31}},"loc":{"start":{"line":26,"column":69},"end":{"line":39,"column":1}},"line":26},"9":{"name":"(anonymous_9)","decl":{"start":{"line":27,"column":10},"end":{"line":27,"column":11}},"loc":{"start":{"line":27,"column":31},"end":{"line":38,"column":3}},"line":27},"10":{"name":"(anonymous_10)","decl":{"start":{"line":29,"column":44},"end":{"line":29,"column":45}},"loc":{"start":{"line":29,"column":53},"end":{"line":29,"column":84}},"line":29},"11":{"name":"(anonymous_11)","decl":{"start":{"line":41,"column":30},"end":{"line":41,"column":31}},"loc":{"start":{"line":41,"column":69},"end":{"line":107,"column":1}},"line":41},"12":{"name":"(anonymous_12)","decl":{"start":{"line":46,"column":10},"end":{"line":46,"column":11}},"loc":{"start":{"line":46,"column":31},"end":{"line":55,"column":3}},"line":46},"13":{"name":"(anonymous_13)","decl":{"start":{"line":62,"column":15},"end":{"line":62,"column":16}},"loc":{"start":{"line":62,"column":26},"end":{"line":65,"column":3}},"line":62},"14":{"name":"(anonymous_14)","decl":{"start":{"line":64,"column":20},"end":{"line":64,"column":21}},"loc":{"start":{"line":64,"column":25},"end":{"line":64,"column":44}},"line":64},"15":{"name":"(anonymous_15)","decl":{"start":{"line":67,"column":23},"end":{"line":67,"column":24}},"loc":{"start":{"line":67,"column":40},"end":{"line":82,"column":3}},"line":67},"16":{"name":"(anonymous_16)","decl":{"start":{"line":70,"column":23},"end":{"line":70,"column":24}},"loc":{"start":{"line":70,"column":29},"end":{"line":72,"column":5}},"line":70},"17":{"name":"(anonymous_17)","decl":{"start":{"line":74,"column":25},"end":{"line":74,"column":26}},"loc":{"start":{"line":74,"column":33},"end":{"line":81,"column":5}},"line":74},"18":{"name":"(anonymous_18)","decl":{"start":{"line":84,"column":23},"end":{"line":84,"column":24}},"loc":{"start":{"line":84,"column":37},"end":{"line":102,"column":3}},"line":84},"19":{"name":"(anonymous_19)","decl":{"start":{"line":89,"column":38},"end":{"line":89,"column":39}},"loc":{"start":{"line":89,"column":47},"end":{"line":89,"column":74}},"line":89},"20":{"name":"(anonymous_20)","decl":{"start":{"line":104,"column":23},"end":{"line":104,"column":24}},"loc":{"start":{"line":104,"column":37},"end":{"line":106,"column":3}},"line":104},"21":{"name":"(anonymous_21)","decl":{"start":{"line":111,"column":32},"end":{"line":111,"column":33}},"loc":{"start":{"line":112,"column":2},"end":{"line":127,"column":4}},"line":112},"22":{"name":"(anonymous_22)","decl":{"start":{"line":112,"column":10},"end":{"line":112,"column":11}},"loc":{"start":{"line":112,"column":31},"end":{"line":127,"column":3}},"line":112},"23":{"name":"(anonymous_23)","decl":{"start":{"line":131,"column":28},"end":{"line":131,"column":29}},"loc":{"start":{"line":132,"column":2},"end":{"line":187,"column":4}},"line":132},"24":{"name":"(anonymous_24)","decl":{"start":{"line":132,"column":10},"end":{"line":132,"column":11}},"loc":{"start":{"line":132,"column":31},"end":{"line":187,"column":3}},"line":132},"25":{"name":"(anonymous_25)","decl":{"start":{"line":190,"column":33},"end":{"line":190,"column":34}},"loc":{"start":{"line":191,"column":2},"end":{"line":191,"column":50}},"line":191},"26":{"name":"(anonymous_26)","decl":{"start":{"line":194,"column":21},"end":{"line":194,"column":22}},"loc":{"start":{"line":194,"column":51},"end":{"line":214,"column":1}},"line":194},"27":{"name":"(anonymous_27)","decl":{"start":{"line":195,"column":15},"end":{"line":195,"column":16}},"loc":{"start":{"line":195,"column":21},"end":{"line":201,"column":3}},"line":195},"28":{"name":"(anonymous_28)","decl":{"start":{"line":208,"column":12},"end":{"line":208,"column":13}},"loc":{"start":{"line":208,"column":20},"end":{"line":211,"column":7}},"line":208},"29":{"name":"(anonymous_29)","decl":{"start":{"line":212,"column":13},"end":{"line":212,"column":14}},"loc":{"start":{"line":212,"column":20},"end":{"line":212,"column":63}},"line":212}},"branchMap":{"0":{"loc":{"start":{"line":16,"column":4},"end":{"line":17,"column":66}},"type":"binary-expr","locations":[{"start":{"line":16,"column":4},"end":{"line":16,"column":27}},{"start":{"line":17,"column":4},"end":{"line":17,"column":66}}],"line":16},"1":{"loc":{"start":{"line":17,"column":27},"end":{"line":17,"column":65}},"type":"binary-expr","locations":[{"start":{"line":17,"column":27},"end":{"line":17,"column":46}},{"start":{"line":17,"column":50},"end":{"line":17,"column":65}}],"line":17},"2":{"loc":{"start":{"line":23,"column":38},"end":{"line":23,"column":101}},"type":"cond-expr","locations":[{"start":{"line":23,"column":60},"end":{"line":23,"column":95}},{"start":{"line":23,"column":98},"end":{"line":23,"column":101}}],"line":23},"3":{"loc":{"start":{"line":31,"column":4},"end":{"line":35,"column":5}},"type":"if","locations":[{"start":{"line":31,"column":4},"end":{"line":35,"column":5}},{"start":{"line":31,"column":4},"end":{"line":35,"column":5}}],"line":31},"4":{"loc":{"start":{"line":34,"column":33},"end":{"line":34,"column":75}},"type":"cond-expr","locations":[{"start":{"line":34,"column":62},"end":{"line":34,"column":68}},{"start":{"line":34,"column":71},"end":{"line":34,"column":75}}],"line":34},"5":{"loc":{"start":{"line":42,"column":2},"end":{"line":44,"column":3}},"type":"if","locations":[{"start":{"line":42,"column":2},"end":{"line":44,"column":3}},{"start":{"line":42,"column":2},"end":{"line":44,"column":3}}],"line":42},"6":{"loc":{"start":{"line":47,"column":4},"end":{"line":49,"column":5}},"type":"if","locations":[{"start":{"line":47,"column":4},"end":{"line":49,"column":5}},{"start":{"line":47,"column":4},"end":{"line":49,"column":5}}],"line":47},"7":{"loc":{"start":{"line":76,"column":6},"end":{"line":80,"column":7}},"type":"switch","locations":[{"start":{"line":77,"column":8},"end":{"line":79,"column":15}}],"line":76},"8":{"loc":{"start":{"line":85,"column":4},"end":{"line":87,"column":5}},"type":"if","locations":[{"start":{"line":85,"column":4},"end":{"line":87,"column":5}},{"start":{"line":85,"column":4},"end":{"line":87,"column":5}}],"line":85},"9":{"loc":{"start":{"line":92,"column":17},"end":{"line":92,"column":78}},"type":"binary-expr","locations":[{"start":{"line":92,"column":18},"end":{"line":92,"column":39}},{"start":{"line":92,"column":45},"end":{"line":92,"column":77}}],"line":92},"10":{"loc":{"start":{"line":95,"column":4},"end":{"line":101,"column":5}},"type":"if","locations":[{"start":{"line":95,"column":4},"end":{"line":101,"column":5}},{"start":{"line":95,"column":4},"end":{"line":101,"column":5}}],"line":95},"11":{"loc":{"start":{"line":113,"column":4},"end":{"line":115,"column":5}},"type":"if","locations":[{"start":{"line":113,"column":4},"end":{"line":115,"column":5}},{"start":{"line":113,"column":4},"end":{"line":115,"column":5}}],"line":113},"12":{"loc":{"start":{"line":135,"column":4},"end":{"line":137,"column":5}},"type":"if","locations":[{"start":{"line":135,"column":4},"end":{"line":137,"column":5}},{"start":{"line":135,"column":4},"end":{"line":137,"column":5}}],"line":135},"13":{"loc":{"start":{"line":139,"column":4},"end":{"line":144,"column":5}},"type":"if","locations":[{"start":{"line":139,"column":4},"end":{"line":144,"column":5}},{"start":{"line":139,"column":4},"end":{"line":144,"column":5}}],"line":139},"14":{"loc":{"start":{"line":140,"column":6},"end":{"line":141,"column":40}},"type":"binary-expr","locations":[{"start":{"line":140,"column":6},"end":{"line":140,"column":41}},{"start":{"line":141,"column":6},"end":{"line":141,"column":40}}],"line":140},"15":{"loc":{"start":{"line":152,"column":17},"end":{"line":154,"column":50}},"type":"cond-expr","locations":[{"start":{"line":153,"column":8},"end":{"line":153,"column":91}},{"start":{"line":154,"column":8},"end":{"line":154,"column":50}}],"line":152},"16":{"loc":{"start":{"line":153,"column":8},"end":{"line":153,"column":91}},"type":"binary-expr","locations":[{"start":{"line":153,"column":9},"end":{"line":153,"column":41}},{"start":{"line":153,"column":47},"end":{"line":153,"column":90}}],"line":153},"17":{"loc":{"start":{"line":165,"column":6},"end":{"line":165,"column":69}},"type":"binary-expr","locations":[{"start":{"line":165,"column":6},"end":{"line":165,"column":17}},{"start":{"line":165,"column":21},"end":{"line":165,"column":69}}],"line":165},"18":{"loc":{"start":{"line":191,"column":2},"end":{"line":191,"column":50}},"type":"binary-expr","locations":[{"start":{"line":191,"column":2},"end":{"line":191,"column":16}},{"start":{"line":191,"column":20},"end":{"line":191,"column":50}}],"line":191},"19":{"loc":{"start":{"line":203,"column":2},"end":{"line":213,"column":3}},"type":"if","locations":[{"start":{"line":203,"column":2},"end":{"line":213,"column":3}},{"start":{"line":203,"column":2},"end":{"line":213,"column":3}}],"line":203}},"s":{"0":1,"1":0,"2":0,"3":0,"4":0,"5":0,"6":0,"7":1,"8":0,"9":0,"10":0,"11":0,"12":0,"13":0,"14":1,"15":0,"16":0,"17":0,"18":0,"19":0,"20":0,"21":0,"22":1,"23":0,"24":0,"25":0,"26":0,"27":0,"28":0,"29":0,"30":0,"31":0,"32":0,"33":0,"34":0,"35":0,"36":0,"37":0,"38":0,"39":0,"40":0,"41":0,"42":0,"43":0,"44":0,"45":0,"46":0,"47":0,"48":0,"49":0,"50":0,"51":0,"52":0,"53":0,"54":0,"55":0,"56":0,"57":1,"58":0,"59":0,"60":0,"61":0,"62":0,"63":0,"64":0,"65":0,"66":0,"67":1,"68":0,"69":0,"70":0,"71":0,"72":0,"73":0,"74":0,"75":0,"76":0,"77":0,"78":0,"79":0,"80":0,"81":0,"82":0,"83":1,"84":0,"85":1,"86":0,"87":0,"88":0,"89":0,"90":0,"91":0,"92":0,"93":0},"f":{"0":0,"1":0,"2":0,"3":0,"4":0,"5":0,"6":0,"7":0,"8":0,"9":0,"10":0,"11":0,"12":0,"13":0,"14":0,"15":0,"16":0,"17":0,"18":0,"19":0,"20":0,"21":0,"22":0,"23":0,"24":0,"25":0,"26":0,"27":0,"28":0,"29":0},"b":{"0":[0,0],"1":[0,0],"2":[0,0],"3":[0,0],"4":[0,0],"5":[0,0],"6":[0,0],"7":[0],"8":[0,0],"9":[0,0],"10":[0,0],"11":[0,0],"12":[0,0],"13":[0,0],"14":[0,0],"15":[0,0],"16":[0,0],"17":[0,0],"18":[0,0],"19":[0,0]},"_coverageSchema":"1a1c01bbd47fc00a2c39e90264f33305004495a9","hash":"c8c8c029e062c55ff0f722c6c1c6eedb44e8d4be"}
,"/Users/reed/code/PersonalProjects/svelte-server/utils.js": {"path":"/Users/reed/code/PersonalProjects/svelte-server/utils.js","statementMap":{"0":{"start":{"line":3,"column":20},"end":{"line":6,"column":1}},"1":{"start":{"line":3,"column":42},"end":{"line":6,"column":1}},"2":{"start":{"line":4,"column":38},"end":{"line":4,"column":77}},"3":{"start":{"line":8,"column":27},"end":{"line":29,"column":1}},"4":{"start":{"line":9,"column":19},"end":{"line":9,"column":52}},"5":{"start":{"line":11,"column":19},"end":{"line":19,"column":14}},"6":{"start":{"line":15,"column":14},"end":{"line":15,"column":65}},"7":{"start":{"line":17,"column":17},"end":{"line":17,"column":18}},"8":{"start":{"line":21,"column":24},"end":{"line":21,"column":56}},"9":{"start":{"line":23,"column":2},"end":{"line":28,"column":3}},"10":{"start":{"line":31,"column":23},"end":{"line":45,"column":1}},"11":{"start":{"line":32,"column":2},"end":{"line":44,"column":7}},"12":{"start":{"line":34,"column":26},"end":{"line":34,"column":46}},"13":{"start":{"line":35,"column":27},"end":{"line":35,"column":48}},"14":{"start":{"line":36,"column":28},"end":{"line":36,"column":50}},"15":{"start":{"line":37,"column":24},"end":{"line":37,"column":71}},"16":{"start":{"line":37,"column":50},"end":{"line":37,"column":71}},"17":{"start":{"line":43,"column":21},"end":{"line":43,"column":29}},"18":{"start":{"line":50,"column":28},"end":{"line":53,"column":3}},"19":{"start":{"line":51,"column":2},"end":{"line":53,"column":3}},"20":{"start":{"line":52,"column":4},"end":{"line":52,"column":59}},"21":{"start":{"line":54,"column":28},"end":{"line":57,"column":3}},"22":{"start":{"line":55,"column":2},"end":{"line":57,"column":3}},"23":{"start":{"line":56,"column":4},"end":{"line":56,"column":59}},"24":{"start":{"line":58,"column":28},"end":{"line":59,"column":77}},"25":{"start":{"line":59,"column":2},"end":{"line":59,"column":77}},"26":{"start":{"line":59,"column":39},"end":{"line":59,"column":76}},"27":{"start":{"line":60,"column":27},"end":{"line":61,"column":59}},"28":{"start":{"line":61,"column":2},"end":{"line":61,"column":59}},"29":{"start":{"line":61,"column":35},"end":{"line":61,"column":58}},"30":{"start":{"line":62,"column":28},"end":{"line":63,"column":77}},"31":{"start":{"line":63,"column":2},"end":{"line":63,"column":77}},"32":{"start":{"line":63,"column":39},"end":{"line":63,"column":76}},"33":{"start":{"line":64,"column":27},"end":{"line":65,"column":59}},"34":{"start":{"line":65,"column":2},"end":{"line":65,"column":59}},"35":{"start":{"line":65,"column":35},"end":{"line":65,"column":58}}},"fnMap":{"0":{"name":"(anonymous_0)","decl":{"start":{"line":3,"column":20},"end":{"line":3,"column":21}},"loc":{"start":{"line":3,"column":42},"end":{"line":6,"column":1}},"line":3},"1":{"name":"(anonymous_1)","decl":{"start":{"line":4,"column":29},"end":{"line":4,"column":30}},"loc":{"start":{"line":4,"column":38},"end":{"line":4,"column":77}},"line":4},"2":{"name":"(anonymous_2)","decl":{"start":{"line":8,"column":27},"end":{"line":8,"column":28}},"loc":{"start":{"line":8,"column":43},"end":{"line":29,"column":1}},"line":8},"3":{"name":"(anonymous_3)","decl":{"start":{"line":15,"column":9},"end":{"line":15,"column":10}},"loc":{"start":{"line":15,"column":14},"end":{"line":15,"column":65}},"line":15},"4":{"name":"(anonymous_4)","decl":{"start":{"line":17,"column":12},"end":{"line":17,"column":13}},"loc":{"start":{"line":17,"column":17},"end":{"line":17,"column":18}},"line":17},"5":{"name":"(anonymous_5)","decl":{"start":{"line":31,"column":23},"end":{"line":31,"column":24}},"loc":{"start":{"line":31,"column":30},"end":{"line":45,"column":1}},"line":31},"6":{"name":"(anonymous_6)","decl":{"start":{"line":34,"column":13},"end":{"line":34,"column":14}},"loc":{"start":{"line":34,"column":26},"end":{"line":34,"column":46}},"line":34},"7":{"name":"(anonymous_7)","decl":{"start":{"line":35,"column":14},"end":{"line":35,"column":15}},"loc":{"start":{"line":35,"column":27},"end":{"line":35,"column":48}},"line":35},"8":{"name":"(anonymous_8)","decl":{"start":{"line":36,"column":15},"end":{"line":36,"column":16}},"loc":{"start":{"line":36,"column":28},"end":{"line":36,"column":50}},"line":36},"9":{"name":"(anonymous_9)","decl":{"start":{"line":37,"column":15},"end":{"line":37,"column":16}},"loc":{"start":{"line":37,"column":24},"end":{"line":37,"column":71}},"line":37},"10":{"name":"(anonymous_10)","decl":{"start":{"line":37,"column":44},"end":{"line":37,"column":45}},"loc":{"start":{"line":37,"column":50},"end":{"line":37,"column":71}},"line":37},"11":{"name":"(anonymous_11)","decl":{"start":{"line":40,"column":13},"end":{"line":40,"column":14}},"loc":{"start":{"line":40,"column":19},"end":{"line":40,"column":21}},"line":40},"12":{"name":"(anonymous_12)","decl":{"start":{"line":41,"column":14},"end":{"line":41,"column":15}},"loc":{"start":{"line":41,"column":20},"end":{"line":41,"column":22}},"line":41},"13":{"name":"(anonymous_13)","decl":{"start":{"line":42,"column":15},"end":{"line":42,"column":16}},"loc":{"start":{"line":42,"column":21},"end":{"line":42,"column":23}},"line":42},"14":{"name":"(anonymous_14)","decl":{"start":{"line":43,"column":15},"end":{"line":43,"column":16}},"loc":{"start":{"line":43,"column":21},"end":{"line":43,"column":29}},"line":43},"15":{"name":"(anonymous_15)","decl":{"start":{"line":43,"column":21},"end":{"line":43,"column":22}},"loc":{"start":{"line":43,"column":27},"end":{"line":43,"column":29}},"line":43},"16":{"name":"(anonymous_16)","decl":{"start":{"line":50,"column":28},"end":{"line":50,"column":29}},"loc":{"start":{"line":51,"column":2},"end":{"line":53,"column":3}},"line":51},"17":{"name":"(anonymous_17)","decl":{"start":{"line":51,"column":24},"end":{"line":51,"column":25}},"loc":{"start":{"line":52,"column":4},"end":{"line":52,"column":59}},"line":52},"18":{"name":"(anonymous_18)","decl":{"start":{"line":54,"column":28},"end":{"line":54,"column":29}},"loc":{"start":{"line":55,"column":2},"end":{"line":57,"column":3}},"line":55},"19":{"name":"(anonymous_19)","decl":{"start":{"line":55,"column":24},"end":{"line":55,"column":25}},"loc":{"start":{"line":56,"column":4},"end":{"line":56,"column":59}},"line":56},"20":{"name":"(anonymous_20)","decl":{"start":{"line":58,"column":28},"end":{"line":58,"column":29}},"loc":{"start":{"line":59,"column":2},"end":{"line":59,"column":77}},"line":59},"21":{"name":"(anonymous_21)","decl":{"start":{"line":59,"column":29},"end":{"line":59,"column":30}},"loc":{"start":{"line":59,"column":39},"end":{"line":59,"column":76}},"line":59},"22":{"name":"(anonymous_22)","decl":{"start":{"line":60,"column":27},"end":{"line":60,"column":28}},"loc":{"start":{"line":61,"column":2},"end":{"line":61,"column":59}},"line":61},"23":{"name":"(anonymous_23)","decl":{"start":{"line":61,"column":25},"end":{"line":61,"column":26}},"loc":{"start":{"line":61,"column":35},"end":{"line":61,"column":58}},"line":61},"24":{"name":"(anonymous_24)","decl":{"start":{"line":62,"column":28},"end":{"line":62,"column":29}},"loc":{"start":{"line":63,"column":2},"end":{"line":63,"column":77}},"line":63},"25":{"name":"(anonymous_25)","decl":{"start":{"line":63,"column":29},"end":{"line":63,"column":30}},"loc":{"start":{"line":63,"column":39},"end":{"line":63,"column":76}},"line":63},"26":{"name":"(anonymous_26)","decl":{"start":{"line":64,"column":27},"end":{"line":64,"column":28}},"loc":{"start":{"line":65,"column":2},"end":{"line":65,"column":59}},"line":65},"27":{"name":"(anonymous_27)","decl":{"start":{"line":65,"column":25},"end":{"line":65,"column":26}},"loc":{"start":{"line":65,"column":35},"end":{"line":65,"column":58}},"line":65}},"branchMap":{"0":{"loc":{"start":{"line":3,"column":26},"end":{"line":3,"column":37}},"type":"default-arg","locations":[{"start":{"line":3,"column":35},"end":{"line":3,"column":37}}],"line":3},"1":{"loc":{"start":{"line":4,"column":38},"end":{"line":4,"column":77}},"type":"binary-expr","locations":[{"start":{"line":4,"column":38},"end":{"line":4,"column":52}},{"start":{"line":4,"column":56},"end":{"line":4,"column":77}}],"line":4},"2":{"loc":{"start":{"line":32,"column":9},"end":{"line":44,"column":7}},"type":"cond-expr","locations":[{"start":{"line":33,"column":6},"end":{"line":38,"column":7}},{"start":{"line":39,"column":6},"end":{"line":44,"column":7}}],"line":32},"3":{"loc":{"start":{"line":52,"column":4},"end":{"line":52,"column":59}},"type":"cond-expr","locations":[{"start":{"line":52,"column":10},"end":{"line":52,"column":36}},{"start":{"line":52,"column":39},"end":{"line":52,"column":59}}],"line":52},"4":{"loc":{"start":{"line":56,"column":4},"end":{"line":56,"column":59}},"type":"cond-expr","locations":[{"start":{"line":56,"column":10},"end":{"line":56,"column":36}},{"start":{"line":56,"column":39},"end":{"line":56,"column":59}}],"line":56}},"s":{"0":1,"1":0,"2":0,"3":1,"4":0,"5":0,"6":0,"7":0,"8":0,"9":0,"10":1,"11":0,"12":0,"13":0,"14":0,"15":0,"16":0,"17":0,"18":1,"19":0,"20":0,"21":1,"22":0,"23":0,"24":1,"25":0,"26":0,"27":1,"28":0,"29":0,"30":1,"31":0,"32":0,"33":1,"34":0,"35":0},"f":{"0":0,"1":0,"2":0,"3":0,"4":0,"5":0,"6":0,"7":0,"8":0,"9":0,"10":0,"11":0,"12":0,"13":0,"14":0,"15":0,"16":0,"17":0,"18":0,"19":0,"20":0,"21":0,"22":0,"23":0,"24":0,"25":0,"26":0,"27":0},"b":{"0":[0],"1":[0,0],"2":[0,0],"3":[0,0],"4":[0,0]},"_coverageSchema":"1a1c01bbd47fc00a2c39e90264f33305004495a9","hash":"82fa37040e44f704887681c10092eea1fe5f1170"}
,"/Users/reed/code/PersonalProjects/svelte-server/shared/bundle.js": {"path":"/Users/reed/code/PersonalProjects/svelte-server/shared/bundle.js","statementMap":{"0":{"start":{"line":11,"column":28},"end":{"line":23,"column":1}},"1":{"start":{"line":12,"column":13},"end":{"line":12,"column":38}},"2":{"start":{"line":13,"column":2},"end":{"line":13,"column":34}},"3":{"start":{"line":14,"column":12},"end":{"line":14,"column":44}},"4":{"start":{"line":15,"column":30},"end":{"line":20,"column":15}},"5":{"start":{"line":22,"column":2},"end":{"line":22,"column":32}},"6":{"start":{"line":26,"column":20},"end":{"line":28,"column":3}},"7":{"start":{"line":30,"column":15},"end":{"line":30,"column":37}},"8":{"start":{"line":32,"column":24},"end":{"line":37,"column":20}},"9":{"start":{"line":34,"column":15},"end":{"line":34,"column":19}},"10":{"start":{"line":37,"column":15},"end":{"line":37,"column":19}},"11":{"start":{"line":39,"column":2},"end":{"line":41,"column":3}},"12":{"start":{"line":40,"column":4},"end":{"line":40,"column":29}},"13":{"start":{"line":43,"column":16},"end":{"line":43,"column":111}},"14":{"start":{"line":45,"column":22},"end":{"line":51,"column":1}},"15":{"start":{"line":53,"column":28},"end":{"line":53,"column":75}},"16":{"start":{"line":55,"column":2},"end":{"line":58,"column":3}},"17":{"start":{"line":60,"column":21},"end":{"line":67,"column":3}},"18":{"start":{"line":69,"column":21},"end":{"line":76,"column":3}},"19":{"start":{"line":78,"column":33},"end":{"line":95,"column":4}},"20":{"start":{"line":97,"column":21},"end":{"line":97,"column":111}},"21":{"start":{"line":97,"column":54},"end":{"line":97,"column":110}},"22":{"start":{"line":100,"column":2},"end":{"line":100,"column":53}},"23":{"start":{"line":102,"column":46},"end":{"line":106,"column":4}},"24":{"start":{"line":108,"column":2},"end":{"line":108,"column":13}},"25":{"start":{"line":110,"column":2},"end":{"line":120,"column":3}}},"fnMap":{"0":{"name":"(anonymous_0)","decl":{"start":{"line":11,"column":28},"end":{"line":11,"column":29}},"loc":{"start":{"line":11,"column":46},"end":{"line":23,"column":1}},"line":11},"1":{"name":"bundle","decl":{"start":{"line":25,"column":30},"end":{"line":25,"column":36}},"loc":{"start":{"line":25,"column":57},"end":{"line":121,"column":1}},"line":25},"2":{"name":"(anonymous_2)","decl":{"start":{"line":34,"column":10},"end":{"line":34,"column":11}},"loc":{"start":{"line":34,"column":15},"end":{"line":34,"column":19}},"line":34},"3":{"name":"(anonymous_3)","decl":{"start":{"line":37,"column":10},"end":{"line":37,"column":11}},"loc":{"start":{"line":37,"column":15},"end":{"line":37,"column":19}},"line":37},"4":{"name":"(anonymous_4)","decl":{"start":{"line":97,"column":49},"end":{"line":97,"column":50}},"loc":{"start":{"line":97,"column":54},"end":{"line":97,"column":110}},"line":97}},"branchMap":{"0":{"loc":{"start":{"line":39,"column":2},"end":{"line":41,"column":3}},"type":"if","locations":[{"start":{"line":39,"column":2},"end":{"line":41,"column":3}},{"start":{"line":39,"column":2},"end":{"line":41,"column":3}}],"line":39},"1":{"loc":{"start":{"line":43,"column":16},"end":{"line":43,"column":111}},"type":"binary-expr","locations":[{"start":{"line":43,"column":16},"end":{"line":43,"column":82}},{"start":{"line":43,"column":86},"end":{"line":43,"column":111}}],"line":43},"2":{"loc":{"start":{"line":43,"column":63},"end":{"line":43,"column":81}},"type":"binary-expr","locations":[{"start":{"line":43,"column":63},"end":{"line":43,"column":75}},{"start":{"line":43,"column":79},"end":{"line":43,"column":81}}],"line":43},"3":{"loc":{"start":{"line":84,"column":8},"end":{"line":84,"column":45}},"type":"binary-expr","locations":[{"start":{"line":84,"column":8},"end":{"line":84,"column":26}},{"start":{"line":84,"column":30},"end":{"line":84,"column":45}}],"line":84},"4":{"loc":{"start":{"line":92,"column":8},"end":{"line":92,"column":45}},"type":"binary-expr","locations":[{"start":{"line":92,"column":8},"end":{"line":92,"column":26}},{"start":{"line":92,"column":30},"end":{"line":92,"column":45}}],"line":92},"5":{"loc":{"start":{"line":97,"column":54},"end":{"line":97,"column":110}},"type":"binary-expr","locations":[{"start":{"line":97,"column":54},"end":{"line":97,"column":79}},{"start":{"line":97,"column":83},"end":{"line":97,"column":110}}],"line":97}},"s":{"0":2,"1":0,"2":0,"3":0,"4":0,"5":0,"6":0,"7":0,"8":0,"9":0,"10":0,"11":0,"12":0,"13":0,"14":0,"15":0,"16":0,"17":0,"18":0,"19":0,"20":0,"21":0,"22":0,"23":0,"24":0,"25":0},"f":{"0":0,"1":0,"2":0,"3":0,"4":0},"b":{"0":[0,0],"1":[0,0],"2":[0,0],"3":[0,0],"4":[0,0],"5":[0,0]},"_coverageSchema":"1a1c01bbd47fc00a2c39e90264f33305004495a9","hash":"762dd1e8c1300c50a51af2053d2c2cfa6ffa9f01"}
,"/Users/reed/code/PersonalProjects/svelte-server/shared/cache-read.js": {"path":"/Users/reed/code/PersonalProjects/svelte-server/shared/cache-read.js","statementMap":{"0":{"start":{"line":7,"column":16},"end":{"line":7,"column":45}},"1":{"start":{"line":10,"column":2},"end":{"line":12,"column":3}},"2":{"start":{"line":11,"column":4},"end":{"line":11,"column":55}},"3":{"start":{"line":14,"column":2},"end":{"line":14,"column":22}}},"fnMap":{"0":{"name":"read","decl":{"start":{"line":5,"column":30},"end":{"line":5,"column":34}},"loc":{"start":{"line":5,"column":46},"end":{"line":15,"column":1}},"line":5}},"branchMap":{"0":{"loc":{"start":{"line":10,"column":2},"end":{"line":12,"column":3}},"type":"if","locations":[{"start":{"line":10,"column":2},"end":{"line":12,"column":3}},{"start":{"line":10,"column":2},"end":{"line":12,"column":3}}],"line":10},"1":{"loc":{"start":{"line":10,"column":6},"end":{"line":10,"column":39}},"type":"binary-expr","locations":[{"start":{"line":10,"column":6},"end":{"line":10,"column":12}},{"start":{"line":10,"column":16},"end":{"line":10,"column":39}}],"line":10},"2":{"loc":{"start":{"line":14,"column":9},"end":{"line":14,"column":22}},"type":"binary-expr","locations":[{"start":{"line":14,"column":9},"end":{"line":14,"column":14}},{"start":{"line":14,"column":18},"end":{"line":14,"column":22}}],"line":14}},"s":{"0":0,"1":0,"2":0,"3":0},"f":{"0":0},"b":{"0":[0,0],"1":[0,0],"2":[0,0]},"_coverageSchema":"1a1c01bbd47fc00a2c39e90264f33305004495a9","hash":"366b15fdb9fc59814af6e3ad12e066ec1ce6ed91"}
,"/Users/reed/code/PersonalProjects/svelte-server/shared/cache-write.js": {"path":"/Users/reed/code/PersonalProjects/svelte-server/shared/cache-write.js","statementMap":{"0":{"start":{"line":8,"column":28},"end":{"line":20,"column":1}},"1":{"start":{"line":9,"column":13},"end":{"line":9,"column":38}},"2":{"start":{"line":10,"column":2},"end":{"line":10,"column":34}},"3":{"start":{"line":11,"column":12},"end":{"line":11,"column":44}},"4":{"start":{"line":12,"column":30},"end":{"line":17,"column":15}},"5":{"start":{"line":19,"column":2},"end":{"line":19,"column":32}},"6":{"start":{"line":25,"column":22},"end":{"line":27,"column":3}},"7":{"start":{"line":28,"column":25},"end":{"line":28,"column":55}},"8":{"start":{"line":29,"column":25},"end":{"line":29,"column":55}},"9":{"start":{"line":30,"column":26},"end":{"line":30,"column":57}},"10":{"start":{"line":33,"column":2},"end":{"line":33,"column":56}},"11":{"start":{"line":34,"column":32},"end":{"line":34,"column":77}},"12":{"start":{"line":35,"column":2},"end":{"line":35,"column":48}},"13":{"start":{"line":37,"column":14},"end":{"line":37,"column":36}},"14":{"start":{"line":39,"column":2},"end":{"line":39,"column":66}},"15":{"start":{"line":40,"column":2},"end":{"line":40,"column":26}},"16":{"start":{"line":41,"column":2},"end":{"line":41,"column":28}},"17":{"start":{"line":43,"column":20},"end":{"line":51,"column":3}},"18":{"start":{"line":54,"column":2},"end":{"line":54,"column":21}},"19":{"start":{"line":56,"column":2},"end":{"line":56,"column":15}},"20":{"start":{"line":58,"column":2},"end":{"line":58,"column":18}}},"fnMap":{"0":{"name":"(anonymous_0)","decl":{"start":{"line":8,"column":28},"end":{"line":8,"column":29}},"loc":{"start":{"line":8,"column":46},"end":{"line":20,"column":1}},"line":8},"1":{"name":"write","decl":{"start":{"line":22,"column":30},"end":{"line":22,"column":35}},"loc":{"start":{"line":22,"column":109},"end":{"line":59,"column":1}},"line":22}},"branchMap":{},"s":{"0":3,"1":0,"2":0,"3":0,"4":0,"5":0,"6":0,"7":0,"8":0,"9":0,"10":0,"11":0,"12":0,"13":0,"14":0,"15":0,"16":0,"17":0,"18":0,"19":0,"20":0},"f":{"0":0,"1":0},"b":{},"_coverageSchema":"1a1c01bbd47fc00a2c39e90264f33305004495a9","hash":"814ebcade203647a62fb835e039879b900dbe475"}
,"/Users/reed/code/PersonalProjects/svelte-server/shared/data.js": {"path":"/Users/reed/code/PersonalProjects/svelte-server/shared/data.js","statementMap":{"0":{"start":{"line":4,"column":14},"end":{"line":4,"column":23}},"1":{"start":{"line":7,"column":15},"end":{"line":7,"column":34}},"2":{"start":{"line":8,"column":20},"end":{"line":8,"column":34}},"3":{"start":{"line":9,"column":20},"end":{"line":9,"column":34}},"4":{"start":{"line":10,"column":23},"end":{"line":10,"column":82}},"5":{"start":{"line":10,"column":53},"end":{"line":10,"column":81}},"6":{"start":{"line":11,"column":23},"end":{"line":11,"column":82}},"7":{"start":{"line":11,"column":53},"end":{"line":11,"column":81}},"8":{"start":{"line":12,"column":23},"end":{"line":12,"column":40}},"9":{"start":{"line":13,"column":29},"end":{"line":13,"column":61}},"10":{"start":{"line":14,"column":15},"end":{"line":14,"column":28}}},"fnMap":{"0":{"name":"(anonymous_0)","decl":{"start":{"line":7,"column":9},"end":{"line":7,"column":10}},"loc":{"start":{"line":7,"column":15},"end":{"line":7,"column":34}},"line":7},"1":{"name":"(anonymous_1)","decl":{"start":{"line":8,"column":7},"end":{"line":8,"column":8}},"loc":{"start":{"line":8,"column":20},"end":{"line":8,"column":34}},"line":8},"2":{"name":"(anonymous_2)","decl":{"start":{"line":9,"column":7},"end":{"line":9,"column":8}},"loc":{"start":{"line":9,"column":20},"end":{"line":9,"column":34}},"line":9},"3":{"name":"(anonymous_3)","decl":{"start":{"line":10,"column":10},"end":{"line":10,"column":11}},"loc":{"start":{"line":10,"column":23},"end":{"line":10,"column":82}},"line":10},"4":{"name":"(anonymous_4)","decl":{"start":{"line":10,"column":48},"end":{"line":10,"column":49}},"loc":{"start":{"line":10,"column":53},"end":{"line":10,"column":81}},"line":10},"5":{"name":"(anonymous_5)","decl":{"start":{"line":11,"column":10},"end":{"line":11,"column":11}},"loc":{"start":{"line":11,"column":23},"end":{"line":11,"column":82}},"line":11},"6":{"name":"(anonymous_6)","decl":{"start":{"line":11,"column":48},"end":{"line":11,"column":49}},"loc":{"start":{"line":11,"column":53},"end":{"line":11,"column":81}},"line":11},"7":{"name":"(anonymous_7)","decl":{"start":{"line":12,"column":10},"end":{"line":12,"column":11}},"loc":{"start":{"line":12,"column":23},"end":{"line":12,"column":40}},"line":12},"8":{"name":"(anonymous_8)","decl":{"start":{"line":13,"column":7},"end":{"line":13,"column":8}},"loc":{"start":{"line":13,"column":29},"end":{"line":13,"column":61}},"line":13},"9":{"name":"(anonymous_9)","decl":{"start":{"line":14,"column":9},"end":{"line":14,"column":10}},"loc":{"start":{"line":14,"column":15},"end":{"line":14,"column":28}},"line":14}},"branchMap":{},"s":{"0":5,"1":1,"2":0,"3":2,"4":0,"5":0,"6":0,"7":0,"8":0,"9":5,"10":0},"f":{"0":1,"1":0,"2":2,"3":0,"4":0,"5":0,"6":0,"7":0,"8":5,"9":0},"b":{},"_coverageSchema":"1a1c01bbd47fc00a2c39e90264f33305004495a9","hash":"b38684bb20df2fca62ba623258180fddb9c90d94"}
,"/Users/reed/code/PersonalProjects/svelte-server/shared/filesystem.js": {"path":"/Users/reed/code/PersonalProjects/svelte-server/shared/filesystem.js","statementMap":{"0":{"start":{"line":4,"column":19},"end":{"line":4,"column":73}},"1":{"start":{"line":4,"column":27},"end":{"line":4,"column":73}},"2":{"start":{"line":5,"column":19},"end":{"line":6,"column":51}},"3":{"start":{"line":6,"column":2},"end":{"line":6,"column":51}}},"fnMap":{"0":{"name":"(anonymous_0)","decl":{"start":{"line":4,"column":19},"end":{"line":4,"column":20}},"loc":{"start":{"line":4,"column":27},"end":{"line":4,"column":73}},"line":4},"1":{"name":"(anonymous_1)","decl":{"start":{"line":5,"column":19},"end":{"line":5,"column":20}},"loc":{"start":{"line":6,"column":2},"end":{"line":6,"column":51}},"line":6}},"branchMap":{},"s":{"0":4,"1":1,"2":4,"3":1},"f":{"0":1,"1":1},"b":{},"_coverageSchema":"1a1c01bbd47fc00a2c39e90264f33305004495a9","hash":"e8296c8dbf6ba4e8259a206256fe30fe573fa837"}
}
